<?xml version="1.0" encoding="UTF-8"?>
<testng-results ignored="0" total="1" passed="1" failed="0" skipped="0">
  <reporter-output>
  </reporter-output>
  <suite started-at="2026-07-02T15:25:28 IST" name="Default suite" finished-at="2026-07-02T15:26:01 IST" duration-ms="33113">
    <groups>
    </groups>
    <test started-at="2026-07-02T15:25:28 IST" name="Default test" finished-at="2026-07-02T15:26:01 IST" duration-ms="33113">
      <class name="com.automation.tests.TC01_RegisterUser">
        <test-method is-config="true" signature="setup()[pri:0, instance:com.automation.tests.TC01_RegisterUser@196a42c3]" started-at="2026-07-02T15:25:28 IST" name="setup" finished-at="2026-07-02T15:25:38 IST" duration-ms="10735" status="PASS">
          <reporter-output>
          </reporter-output>
        </test-method> <!-- setup -->
        <test-method signature="verifyRegisterUser()[pri:0, instance:com.automation.tests.TC01_RegisterUser@196a42c3]" started-at="2026-07-02T15:25:38 IST" name="verifyRegisterUser" finished-at="2026-07-02T15:26:01 IST" duration-ms="22184" status="PASS">
          <reporter-output>
          </reporter-output>
        </test-method> <!-- verifyRegisterUser -->
        <test-method is-config="true" signature="teardown()[pri:0, instance:com.automation.tests.TC01_RegisterUser@196a42c3]" started-at="2026-07-02T15:26:01 IST" name="teardown" finished-at="2026-07-02T15:26:01 IST" duration-ms="157" status="PASS">
          <reporter-output>
          </reporter-output>
        </test-method> <!-- teardown -->
      </class> <!-- com.automation.tests.TC01_RegisterUser -->
    </test> <!-- Default test -->
  </suite> <!-- Default suite -->
</testng-results>
