<?xml version="1.0" encoding="UTF-8"?>
<testng-results ignored="0" total="1" passed="1" failed="0" skipped="0">
  <reporter-output>
  </reporter-output>
  <suite started-at="2026-07-07T21:02:57 IST" name="Default suite" finished-at="2026-07-07T21:04:11 IST" duration-ms="73845">
    <groups>
    </groups>
    <test started-at="2026-07-07T21:02:57 IST" name="Default test" finished-at="2026-07-07T21:04:11 IST" duration-ms="73845">
      <class name="com.automation.tests.TC01_RegisterUser">
        <test-method is-config="true" signature="setup()[pri:0, instance:com.automation.tests.TC01_RegisterUser@5afa3c9]" started-at="2026-07-07T21:02:57 IST" name="setup" finished-at="2026-07-07T21:03:22 IST" duration-ms="24673" status="PASS">
          <reporter-output>
          </reporter-output>
        </test-method> <!-- setup -->
        <test-method signature="verifyRegisterUser()[pri:0, instance:com.automation.tests.TC01_RegisterUser@5afa3c9]" started-at="2026-07-07T21:03:22 IST" name="verifyRegisterUser" finished-at="2026-07-07T21:04:11 IST" duration-ms="48894" status="PASS">
          <reporter-output>
          </reporter-output>
        </test-method> <!-- verifyRegisterUser -->
        <test-method is-config="true" signature="teardown()[pri:0, instance:com.automation.tests.TC01_RegisterUser@5afa3c9]" started-at="2026-07-07T21:04:11 IST" name="teardown" finished-at="2026-07-07T21:04:11 IST" duration-ms="239" status="PASS">
          <reporter-output>
          </reporter-output>
        </test-method> <!-- teardown -->
      </class> <!-- com.automation.tests.TC01_RegisterUser -->
    </test> <!-- Default test -->
  </suite> <!-- Default suite -->
</testng-results>
