<?xml version="1.0" encoding="UTF-8"?>
<testng-results ignored="0" total="1" passed="1" failed="0" skipped="0">
  <reporter-output>
  </reporter-output>
  <suite started-at="2026-07-07T16:09:20 IST" name="Default suite" finished-at="2026-07-07T16:10:36 IST" duration-ms="76195">
    <groups>
    </groups>
    <test started-at="2026-07-07T16:09:20 IST" name="Default test" finished-at="2026-07-07T16:10:36 IST" duration-ms="76195">
      <class name="com.automation.tests.TC14_PlaceOrderRegisterWhileCheckout">
        <test-method is-config="true" signature="setup()[pri:0, instance:com.automation.tests.TC14_PlaceOrderRegisterWhileCheckout@196a42c3]" started-at="2026-07-07T16:09:20 IST" name="setup" finished-at="2026-07-07T16:09:36 IST" duration-ms="15522" status="PASS">
          <reporter-output>
          </reporter-output>
        </test-method> <!-- setup -->
        <test-method signature="verifyUserCanRegisteWhileCheckout()[pri:0, instance:com.automation.tests.TC14_PlaceOrderRegisterWhileCheckout@196a42c3]" started-at="2026-07-07T16:09:36 IST" name="verifyUserCanRegisteWhileCheckout" finished-at="2026-07-07T16:10:36 IST" duration-ms="60273" status="PASS">
          <reporter-output>
          </reporter-output>
        </test-method> <!-- verifyUserCanRegisteWhileCheckout -->
        <test-method is-config="true" signature="teardown()[pri:0, instance:com.automation.tests.TC14_PlaceOrderRegisterWhileCheckout@196a42c3]" started-at="2026-07-07T16:10:36 IST" name="teardown" finished-at="2026-07-07T16:10:36 IST" duration-ms="335" status="PASS">
          <reporter-output>
          </reporter-output>
        </test-method> <!-- teardown -->
      </class> <!-- com.automation.tests.TC14_PlaceOrderRegisterWhileCheckout -->
    </test> <!-- Default test -->
  </suite> <!-- Default suite -->
</testng-results>
