<?xml version="1.0" encoding="UTF-8"?>
<testng-results ignored="0" total="2" passed="2" failed="0" skipped="0">
  <reporter-output>
  </reporter-output>
  <suite started-at="2026-07-09T21:22:45 IST" name="Default suite" finished-at="2026-07-09T21:24:02 IST" duration-ms="77089">
    <groups>
    </groups>
    <test started-at="2026-07-09T21:22:45 IST" name="Default test" finished-at="2026-07-09T21:24:02 IST" duration-ms="77089">
      <class name="com.automation.tests.TC01_RegisterUser">
        <test-method is-config="true" signature="setup(java.lang.String)[pri:0, instance:com.automation.tests.TC01_RegisterUser@3383649e]" started-at="2026-07-09T21:22:45 IST" name="setup" finished-at="2026-07-09T21:22:48 IST" duration-ms="2663" status="PASS">
          <params>
            <param index="0">
              <value>
                <![CDATA[chrome]]>
              </value>
            </param>
          </params>
          <reporter-output>
          </reporter-output>
        </test-method> <!-- setup -->
        <test-method is-config="true" signature="launchApplication()[pri:0, instance:com.automation.tests.TC01_RegisterUser@3383649e]" started-at="2026-07-09T21:22:48 IST" name="launchApplication" finished-at="2026-07-09T21:23:17 IST" duration-ms="29191" status="PASS">
          <reporter-output>
          </reporter-output>
        </test-method> <!-- launchApplication -->
        <test-method is-config="true" signature="setUpTest()[pri:0, instance:com.automation.tests.TC01_RegisterUser@3383649e]" started-at="2026-07-09T21:23:17 IST" name="setUpTest" finished-at="2026-07-09T21:23:17 IST" duration-ms="18" status="PASS">
          <reporter-output>
          </reporter-output>
        </test-method> <!-- setUpTest -->
        <test-method signature="tc01_verifyUserCanSignup()[pri:0, instance:com.automation.tests.TC01_RegisterUser@3383649e]" started-at="2026-07-09T21:23:17 IST" name="tc01_verifyUserCanSignup" finished-at="2026-07-09T21:23:22 IST" duration-ms="5317" status="PASS">
          <reporter-output>
          </reporter-output>
        </test-method> <!-- tc01_verifyUserCanSignup -->
        <test-method is-config="true" signature="launchApplication()[pri:0, instance:com.automation.tests.TC01_RegisterUser@3383649e]" started-at="2026-07-09T21:23:22 IST" name="launchApplication" finished-at="2026-07-09T21:23:33 IST" duration-ms="11026" status="PASS">
          <reporter-output>
          </reporter-output>
        </test-method> <!-- launchApplication -->
        <test-method is-config="true" signature="setUpTest()[pri:0, instance:com.automation.tests.TC01_RegisterUser@3383649e]" started-at="2026-07-09T21:23:33 IST" name="setUpTest" finished-at="2026-07-09T21:23:33 IST" duration-ms="1" status="PASS">
          <reporter-output>
          </reporter-output>
        </test-method> <!-- setUpTest -->
        <test-method signature="tc02_verifyUserCanCreateAccount()[pri:0, instance:com.automation.tests.TC01_RegisterUser@3383649e]" started-at="2026-07-09T21:23:33 IST" name="tc02_verifyUserCanCreateAccount" finished-at="2026-07-09T21:24:02 IST" duration-ms="28583" status="PASS">
          <reporter-output>
          </reporter-output>
        </test-method> <!-- tc02_verifyUserCanCreateAccount -->
        <test-method is-config="true" signature="teardown()[pri:0, instance:com.automation.tests.TC01_RegisterUser@3383649e]" started-at="2026-07-09T21:24:02 IST" name="teardown" finished-at="2026-07-09T21:24:02 IST" duration-ms="250" status="PASS">
          <reporter-output>
          </reporter-output>
        </test-method> <!-- teardown -->
      </class> <!-- com.automation.tests.TC01_RegisterUser -->
    </test> <!-- Default test -->
  </suite> <!-- Default suite -->
</testng-results>
