<?xml version="1.0" encoding="UTF-8"?>
<testng-results ignored="0" total="7" passed="7" failed="0" skipped="0">
  <reporter-output>
  </reporter-output>
  <suite started-at="2026-07-11T19:26:00 IST" name="Automation Suite" finished-at="2026-07-11T19:29:41 IST" duration-ms="221581">
    <groups>
      <group name="Registration">
        <method signature="RegisterUserTest.verifySignupFormDisplayed()[pri:1, instance:com.automation.tests.RegisterUserTest@44e3760b]" name="verifySignupFormDisplayed" class="com.automation.tests.RegisterUserTest"/>
        <method signature="RegisterUserTest.verifyInvalidEmailError()[pri:2, instance:com.automation.tests.RegisterUserTest@44e3760b]" name="verifyInvalidEmailError" class="com.automation.tests.RegisterUserTest"/>
        <method signature="RegisterUserTest.verifyExistingEmailError()[pri:3, instance:com.automation.tests.RegisterUserTest@44e3760b]" name="verifyExistingEmailError" class="com.automation.tests.RegisterUserTest"/>
        <method signature="RegisterUserTest.verifyValidEmailTakesUserToSignupPage()[pri:4, instance:com.automation.tests.RegisterUserTest@44e3760b]" name="verifyValidEmailTakesUserToSignupPage" class="com.automation.tests.RegisterUserTest"/>
        <method signature="RegisterUserTest.verifyCreateAccountError()[pri:5, instance:com.automation.tests.RegisterUserTest@44e3760b]" name="verifyCreateAccountError" class="com.automation.tests.RegisterUserTest"/>
        <method signature="RegisterUserTest.verifyScuccessfulCreationOfAccount()[pri:6, instance:com.automation.tests.RegisterUserTest@44e3760b]" name="verifyScuccessfulCreationOfAccount" class="com.automation.tests.RegisterUserTest"/>
        <method signature="RegisterUserTest.verifyUserCanDeleteAccount()[pri:7, instance:com.automation.tests.RegisterUserTest@44e3760b]" name="verifyUserCanDeleteAccount" class="com.automation.tests.RegisterUserTest"/>
      </group> <!-- Registration -->
    </groups>
    <test started-at="2026-07-11T19:26:00 IST" name="Regression Test" finished-at="2026-07-11T19:29:41 IST" duration-ms="221581">
      <class name="com.automation.tests.RegisterUserTest">
        <test-method is-config="true" signature="setup(java.lang.String)[pri:0, instance:com.automation.tests.RegisterUserTest@44e3760b]" started-at="2026-07-11T19:26:00 IST" name="setup" finished-at="2026-07-11T19:26:06 IST" duration-ms="6582" status="PASS">
          <params>
            <param index="0">
              <value>
                <![CDATA[chrome]]>
              </value>
            </param>
          </params>
          <reporter-output>
          </reporter-output>
        </test-method> <!-- setup -->
        <test-method is-config="true" signature="launchApplication()[pri:0, instance:com.automation.tests.RegisterUserTest@44e3760b]" started-at="2026-07-11T19:26:06 IST" name="launchApplication" finished-at="2026-07-11T19:26:21 IST" duration-ms="14455" status="PASS">
          <reporter-output>
          </reporter-output>
        </test-method> <!-- launchApplication -->
        <test-method is-config="true" signature="registerTestSetup()[pri:0, instance:com.automation.tests.RegisterUserTest@44e3760b]" started-at="2026-07-11T19:26:21 IST" name="registerTestSetup" finished-at="2026-07-11T19:26:24 IST" duration-ms="3287" status="PASS">
          <reporter-output>
          </reporter-output>
        </test-method> <!-- registerTestSetup -->
        <test-method signature="verifySignupFormDisplayed()[pri:1, instance:com.automation.tests.RegisterUserTest@44e3760b]" started-at="2026-07-11T19:26:24 IST" name="verifySignupFormDisplayed" finished-at="2026-07-11T19:26:24 IST" duration-ms="354" status="PASS">
          <reporter-output>
          </reporter-output>
        </test-method> <!-- verifySignupFormDisplayed -->
        <test-method is-config="true" signature="launchApplication()[pri:0, instance:com.automation.tests.RegisterUserTest@44e3760b]" started-at="2026-07-11T19:26:25 IST" name="launchApplication" finished-at="2026-07-11T19:27:11 IST" duration-ms="46684" status="PASS">
          <reporter-output>
          </reporter-output>
        </test-method> <!-- launchApplication -->
        <test-method is-config="true" signature="registerTestSetup()[pri:0, instance:com.automation.tests.RegisterUserTest@44e3760b]" started-at="2026-07-11T19:27:11 IST" name="registerTestSetup" finished-at="2026-07-11T19:27:16 IST" duration-ms="5218" status="PASS">
          <reporter-output>
          </reporter-output>
        </test-method> <!-- registerTestSetup -->
        <test-method signature="verifyInvalidEmailError()[pri:2, instance:com.automation.tests.RegisterUserTest@44e3760b]" started-at="2026-07-11T19:27:16 IST" name="verifyInvalidEmailError" finished-at="2026-07-11T19:27:17 IST" duration-ms="569" status="PASS">
          <reporter-output>
          </reporter-output>
        </test-method> <!-- verifyInvalidEmailError -->
        <test-method is-config="true" signature="launchApplication()[pri:0, instance:com.automation.tests.RegisterUserTest@44e3760b]" started-at="2026-07-11T19:27:17 IST" name="launchApplication" finished-at="2026-07-11T19:27:47 IST" duration-ms="30500" status="PASS">
          <reporter-output>
          </reporter-output>
        </test-method> <!-- launchApplication -->
        <test-method is-config="true" signature="registerTestSetup()[pri:0, instance:com.automation.tests.RegisterUserTest@44e3760b]" started-at="2026-07-11T19:27:47 IST" name="registerTestSetup" finished-at="2026-07-11T19:27:51 IST" duration-ms="3984" status="PASS">
          <reporter-output>
          </reporter-output>
        </test-method> <!-- registerTestSetup -->
        <test-method signature="verifyExistingEmailError()[pri:3, instance:com.automation.tests.RegisterUserTest@44e3760b]" started-at="2026-07-11T19:27:51 IST" name="verifyExistingEmailError" finished-at="2026-07-11T19:27:56 IST" duration-ms="4970" status="PASS">
          <reporter-output>
          </reporter-output>
        </test-method> <!-- verifyExistingEmailError -->
        <test-method is-config="true" signature="launchApplication()[pri:0, instance:com.automation.tests.RegisterUserTest@44e3760b]" started-at="2026-07-11T19:27:56 IST" name="launchApplication" finished-at="2026-07-11T19:28:13 IST" duration-ms="16573" status="PASS">
          <reporter-output>
          </reporter-output>
        </test-method> <!-- launchApplication -->
        <test-method is-config="true" signature="registerTestSetup()[pri:0, instance:com.automation.tests.RegisterUserTest@44e3760b]" started-at="2026-07-11T19:28:13 IST" name="registerTestSetup" finished-at="2026-07-11T19:28:15 IST" duration-ms="2165" status="PASS">
          <reporter-output>
          </reporter-output>
        </test-method> <!-- registerTestSetup -->
        <test-method signature="verifyValidEmailTakesUserToSignupPage()[pri:4, instance:com.automation.tests.RegisterUserTest@44e3760b]" started-at="2026-07-11T19:28:15 IST" name="verifyValidEmailTakesUserToSignupPage" finished-at="2026-07-11T19:28:17 IST" duration-ms="1646" status="PASS">
          <reporter-output>
          </reporter-output>
        </test-method> <!-- verifyValidEmailTakesUserToSignupPage -->
        <test-method is-config="true" signature="launchApplication()[pri:0, instance:com.automation.tests.RegisterUserTest@44e3760b]" started-at="2026-07-11T19:28:17 IST" name="launchApplication" finished-at="2026-07-11T19:28:25 IST" duration-ms="8359" status="PASS">
          <reporter-output>
          </reporter-output>
        </test-method> <!-- launchApplication -->
        <test-method is-config="true" signature="registerTestSetup()[pri:0, instance:com.automation.tests.RegisterUserTest@44e3760b]" started-at="2026-07-11T19:28:25 IST" name="registerTestSetup" finished-at="2026-07-11T19:28:27 IST" duration-ms="2105" status="PASS">
          <reporter-output>
          </reporter-output>
        </test-method> <!-- registerTestSetup -->
        <test-method signature="verifyCreateAccountError()[pri:5, instance:com.automation.tests.RegisterUserTest@44e3760b]" started-at="2026-07-11T19:28:27 IST" name="verifyCreateAccountError" finished-at="2026-07-11T19:28:31 IST" duration-ms="3863" status="PASS">
          <reporter-output>
          </reporter-output>
        </test-method> <!-- verifyCreateAccountError -->
        <test-method is-config="true" signature="launchApplication()[pri:0, instance:com.automation.tests.RegisterUserTest@44e3760b]" started-at="2026-07-11T19:28:31 IST" name="launchApplication" finished-at="2026-07-11T19:28:43 IST" duration-ms="12289" status="PASS">
          <reporter-output>
          </reporter-output>
        </test-method> <!-- launchApplication -->
        <test-method is-config="true" signature="registerTestSetup()[pri:0, instance:com.automation.tests.RegisterUserTest@44e3760b]" started-at="2026-07-11T19:28:43 IST" name="registerTestSetup" finished-at="2026-07-11T19:28:47 IST" duration-ms="3072" status="PASS">
          <reporter-output>
          </reporter-output>
        </test-method> <!-- registerTestSetup -->
        <test-method signature="verifyScuccessfulCreationOfAccount()[pri:6, instance:com.automation.tests.RegisterUserTest@44e3760b]" started-at="2026-07-11T19:28:47 IST" name="verifyScuccessfulCreationOfAccount" finished-at="2026-07-11T19:29:06 IST" duration-ms="19141" status="PASS">
          <reporter-output>
          </reporter-output>
        </test-method> <!-- verifyScuccessfulCreationOfAccount -->
        <test-method is-config="true" signature="launchApplication()[pri:0, instance:com.automation.tests.RegisterUserTest@44e3760b]" started-at="2026-07-11T19:29:06 IST" name="launchApplication" finished-at="2026-07-11T19:29:20 IST" duration-ms="14450" status="PASS">
          <reporter-output>
          </reporter-output>
        </test-method> <!-- launchApplication -->
        <test-method is-config="true" signature="registerTestSetup()[pri:0, instance:com.automation.tests.RegisterUserTest@44e3760b]" started-at="2026-07-11T19:29:20 IST" name="registerTestSetup" finished-at="2026-07-11T19:29:23 IST" duration-ms="2844" status="PASS">
          <reporter-output>
          </reporter-output>
        </test-method> <!-- registerTestSetup -->
        <test-method signature="verifyUserCanDeleteAccount()[pri:7, instance:com.automation.tests.RegisterUserTest@44e3760b]" started-at="2026-07-11T19:29:23 IST" name="verifyUserCanDeleteAccount" finished-at="2026-07-11T19:29:41 IST" duration-ms="18059" status="PASS">
          <reporter-output>
          </reporter-output>
        </test-method> <!-- verifyUserCanDeleteAccount -->
        <test-method is-config="true" signature="teardown()[pri:0, instance:com.automation.tests.RegisterUserTest@44e3760b]" started-at="2026-07-11T19:29:41 IST" name="teardown" finished-at="2026-07-11T19:29:41 IST" duration-ms="317" status="PASS">
          <reporter-output>
          </reporter-output>
        </test-method> <!-- teardown -->
      </class> <!-- com.automation.tests.RegisterUserTest -->
    </test> <!-- Regression Test -->
  </suite> <!-- Automation Suite -->
</testng-results>
