<?xml version="1.0" encoding="UTF-8"?>
<testng-results ignored="0" total="1" passed="1" failed="0" skipped="0">
  <reporter-output>
  </reporter-output>
  <suite started-at="2026-07-02T21:35:06 IST" name="Default suite" finished-at="2026-07-02T21:35:47 IST" duration-ms="41894">
    <groups>
    </groups>
    <test started-at="2026-07-02T21:35:06 IST" name="Default test" finished-at="2026-07-02T21:35:47 IST" duration-ms="41894">
      <class name="com.automation.tests.TC09_SearchProduct">
        <test-method is-config="true" signature="setup()[pri:0, instance:com.automation.tests.TC09_SearchProduct@196a42c3]" started-at="2026-07-02T21:35:06 IST" name="setup" finished-at="2026-07-02T21:35:27 IST" duration-ms="21547" status="PASS">
          <reporter-output>
          </reporter-output>
        </test-method> <!-- setup -->
        <test-method signature="verifyUserCanSearchProduct()[pri:0, instance:com.automation.tests.TC09_SearchProduct@196a42c3]" started-at="2026-07-02T21:35:27 IST" name="verifyUserCanSearchProduct" finished-at="2026-07-02T21:35:47 IST" duration-ms="20100" status="PASS">
          <reporter-output>
          </reporter-output>
        </test-method> <!-- verifyUserCanSearchProduct -->
        <test-method is-config="true" signature="teardown()[pri:0, instance:com.automation.tests.TC09_SearchProduct@196a42c3]" started-at="2026-07-02T21:35:47 IST" name="teardown" finished-at="2026-07-02T21:35:47 IST" duration-ms="205" status="PASS">
          <reporter-output>
          </reporter-output>
        </test-method> <!-- teardown -->
      </class> <!-- com.automation.tests.TC09_SearchProduct -->
    </test> <!-- Default test -->
  </suite> <!-- Default suite -->
</testng-results>
