<?xml version="1.0" encoding="UTF-8"?>
<testng-results ignored="0" total="7" passed="7" failed="0" skipped="0">
  <reporter-output>
  </reporter-output>
  <suite started-at="2026-07-12T18:06:51 IST" name="Automation Suite" finished-at="2026-07-12T18:08:45 IST" duration-ms="113946">
    <groups>
      <group name="Registration">
        <method signature="RegisterUserTest.verifySignupFormDisplayed()[pri:1, instance:com.automation.tests.RegisterUserTest@44e3760b]" name="verifySignupFormDisplayed" class="com.automation.tests.RegisterUserTest"/>
        <method signature="RegisterUserTest.verifyInvalidEmailError()[pri:2, instance:com.automation.tests.RegisterUserTest@44e3760b]" name="verifyInvalidEmailError" class="com.automation.tests.RegisterUserTest"/>
        <method signature="RegisterUserTest.verifyExistingEmailError()[pri:3, instance:com.automation.tests.RegisterUserTest@44e3760b]" name="verifyExistingEmailError" class="com.automation.tests.RegisterUserTest"/>
        <method signature="RegisterUserTest.verifyValidEmailTakesUserToSignupPage()[pri:4, instance:com.automation.tests.RegisterUserTest@44e3760b]" name="verifyValidEmailTakesUserToSignupPage" class="com.automation.tests.RegisterUserTest"/>
        <method signature="RegisterUserTest.verifyCreateAccountError()[pri:5, instance:com.automation.tests.RegisterUserTest@44e3760b]" name="verifyCreateAccountError" class="com.automation.tests.RegisterUserTest"/>
        <method signature="RegisterUserTest.verifyScuccessfulCreationOfAccount()[pri:6, instance:com.automation.tests.RegisterUserTest@44e3760b]" name="verifyScuccessfulCreationOfAccount" class="com.automation.tests.RegisterUserTest"/>
        <method signature="RegisterUserTest.verifyUserCanDeleteAccount()[pri:7, instance:com.automation.tests.RegisterUserTest@44e3760b]" name="verifyUserCanDeleteAccount" class="com.automation.tests.RegisterUserTest"/>
      </group> <!-- Registration -->
    </groups>
    <test started-at="2026-07-12T18:06:51 IST" name="Regression Test" finished-at="2026-07-12T18:08:45 IST" duration-ms="113946">
      <class name="com.automation.tests.RegisterUserTest">
        <test-method is-config="true" signature="setup(java.lang.String)[pri:0, instance:com.automation.tests.RegisterUserTest@44e3760b]" started-at="2026-07-12T18:06:51 IST" name="setup" finished-at="2026-07-12T18:06:54 IST" duration-ms="3873" status="PASS">
          <params>
            <param index="0">
              <value>
                <![CDATA[chrome]]>
              </value>
            </param>
          </params>
          <reporter-output>
          </reporter-output>
        </test-method> <!-- setup -->
        <test-method is-config="true" signature="launchApplication()[pri:0, instance:com.automation.tests.RegisterUserTest@44e3760b]" started-at="2026-07-12T18:06:54 IST" name="launchApplication" finished-at="2026-07-12T18:07:03 IST" duration-ms="8673" status="PASS">
          <reporter-output>
          </reporter-output>
        </test-method> <!-- launchApplication -->
        <test-method is-config="true" signature="registerTestSetup()[pri:0, instance:com.automation.tests.RegisterUserTest@44e3760b]" started-at="2026-07-12T18:07:03 IST" name="registerTestSetup" finished-at="2026-07-12T18:07:06 IST" duration-ms="2373" status="PASS">
          <reporter-output>
          </reporter-output>
        </test-method> <!-- registerTestSetup -->
        <test-method signature="verifySignupFormDisplayed()[pri:1, instance:com.automation.tests.RegisterUserTest@44e3760b]" started-at="2026-07-12T18:07:06 IST" name="verifySignupFormDisplayed" finished-at="2026-07-12T18:07:06 IST" duration-ms="322" status="PASS">
          <reporter-output>
          </reporter-output>
        </test-method> <!-- verifySignupFormDisplayed -->
        <test-method is-config="true" signature="launchApplication()[pri:0, instance:com.automation.tests.RegisterUserTest@44e3760b]" started-at="2026-07-12T18:07:06 IST" name="launchApplication" finished-at="2026-07-12T18:07:10 IST" duration-ms="4008" status="PASS">
          <reporter-output>
          </reporter-output>
        </test-method> <!-- launchApplication -->
        <test-method is-config="true" signature="registerTestSetup()[pri:0, instance:com.automation.tests.RegisterUserTest@44e3760b]" started-at="2026-07-12T18:07:10 IST" name="registerTestSetup" finished-at="2026-07-12T18:07:12 IST" duration-ms="2237" status="PASS">
          <reporter-output>
          </reporter-output>
        </test-method> <!-- registerTestSetup -->
        <test-method signature="verifyInvalidEmailError()[pri:2, instance:com.automation.tests.RegisterUserTest@44e3760b]" started-at="2026-07-12T18:07:12 IST" name="verifyInvalidEmailError" finished-at="2026-07-12T18:07:13 IST" duration-ms="587" status="PASS">
          <reporter-output>
          </reporter-output>
        </test-method> <!-- verifyInvalidEmailError -->
        <test-method is-config="true" signature="launchApplication()[pri:0, instance:com.automation.tests.RegisterUserTest@44e3760b]" started-at="2026-07-12T18:07:13 IST" name="launchApplication" finished-at="2026-07-12T18:07:20 IST" duration-ms="7311" status="PASS">
          <reporter-output>
          </reporter-output>
        </test-method> <!-- launchApplication -->
        <test-method is-config="true" signature="registerTestSetup()[pri:0, instance:com.automation.tests.RegisterUserTest@44e3760b]" started-at="2026-07-12T18:07:20 IST" name="registerTestSetup" finished-at="2026-07-12T18:07:22 IST" duration-ms="2406" status="PASS">
          <reporter-output>
          </reporter-output>
        </test-method> <!-- registerTestSetup -->
        <test-method signature="verifyExistingEmailError()[pri:3, instance:com.automation.tests.RegisterUserTest@44e3760b]" started-at="2026-07-12T18:07:22 IST" name="verifyExistingEmailError" finished-at="2026-07-12T18:07:25 IST" duration-ms="2216" status="PASS">
          <reporter-output>
          </reporter-output>
        </test-method> <!-- verifyExistingEmailError -->
        <test-method is-config="true" signature="launchApplication()[pri:0, instance:com.automation.tests.RegisterUserTest@44e3760b]" started-at="2026-07-12T18:07:25 IST" name="launchApplication" finished-at="2026-07-12T18:07:31 IST" duration-ms="6266" status="PASS">
          <reporter-output>
          </reporter-output>
        </test-method> <!-- launchApplication -->
        <test-method is-config="true" signature="registerTestSetup()[pri:0, instance:com.automation.tests.RegisterUserTest@44e3760b]" started-at="2026-07-12T18:07:31 IST" name="registerTestSetup" finished-at="2026-07-12T18:07:33 IST" duration-ms="2522" status="PASS">
          <reporter-output>
          </reporter-output>
        </test-method> <!-- registerTestSetup -->
        <test-method signature="verifyValidEmailTakesUserToSignupPage()[pri:4, instance:com.automation.tests.RegisterUserTest@44e3760b]" started-at="2026-07-12T18:07:33 IST" name="verifyValidEmailTakesUserToSignupPage" finished-at="2026-07-12T18:07:35 IST" duration-ms="1829" status="PASS">
          <reporter-output>
          </reporter-output>
        </test-method> <!-- verifyValidEmailTakesUserToSignupPage -->
        <test-method is-config="true" signature="launchApplication()[pri:0, instance:com.automation.tests.RegisterUserTest@44e3760b]" started-at="2026-07-12T18:07:35 IST" name="launchApplication" finished-at="2026-07-12T18:07:43 IST" duration-ms="7908" status="PASS">
          <reporter-output>
          </reporter-output>
        </test-method> <!-- launchApplication -->
        <test-method is-config="true" signature="registerTestSetup()[pri:0, instance:com.automation.tests.RegisterUserTest@44e3760b]" started-at="2026-07-12T18:07:43 IST" name="registerTestSetup" finished-at="2026-07-12T18:07:45 IST" duration-ms="1783" status="PASS">
          <reporter-output>
          </reporter-output>
        </test-method> <!-- registerTestSetup -->
        <test-method signature="verifyCreateAccountError()[pri:5, instance:com.automation.tests.RegisterUserTest@44e3760b]" started-at="2026-07-12T18:07:45 IST" name="verifyCreateAccountError" finished-at="2026-07-12T18:07:50 IST" duration-ms="5160" status="PASS">
          <reporter-output>
          </reporter-output>
        </test-method> <!-- verifyCreateAccountError -->
        <test-method is-config="true" signature="launchApplication()[pri:0, instance:com.automation.tests.RegisterUserTest@44e3760b]" started-at="2026-07-12T18:07:50 IST" name="launchApplication" finished-at="2026-07-12T18:07:59 IST" duration-ms="8948" status="PASS">
          <reporter-output>
          </reporter-output>
        </test-method> <!-- launchApplication -->
        <test-method is-config="true" signature="registerTestSetup()[pri:0, instance:com.automation.tests.RegisterUserTest@44e3760b]" started-at="2026-07-12T18:07:59 IST" name="registerTestSetup" finished-at="2026-07-12T18:08:01 IST" duration-ms="1554" status="PASS">
          <reporter-output>
          </reporter-output>
        </test-method> <!-- registerTestSetup -->
        <test-method signature="verifyScuccessfulCreationOfAccount()[pri:6, instance:com.automation.tests.RegisterUserTest@44e3760b]" started-at="2026-07-12T18:08:01 IST" name="verifyScuccessfulCreationOfAccount" finished-at="2026-07-12T18:08:15 IST" duration-ms="14048" status="PASS">
          <reporter-output>
          </reporter-output>
        </test-method> <!-- verifyScuccessfulCreationOfAccount -->
        <test-method is-config="true" signature="launchApplication()[pri:0, instance:com.automation.tests.RegisterUserTest@44e3760b]" started-at="2026-07-12T18:08:15 IST" name="launchApplication" finished-at="2026-07-12T18:08:19 IST" duration-ms="4450" status="PASS">
          <reporter-output>
          </reporter-output>
        </test-method> <!-- launchApplication -->
        <test-method is-config="true" signature="registerTestSetup()[pri:0, instance:com.automation.tests.RegisterUserTest@44e3760b]" started-at="2026-07-12T18:08:19 IST" name="registerTestSetup" finished-at="2026-07-12T18:08:21 IST" duration-ms="1463" status="PASS">
          <reporter-output>
          </reporter-output>
        </test-method> <!-- registerTestSetup -->
        <test-method signature="verifyUserCanDeleteAccount()[pri:7, instance:com.automation.tests.RegisterUserTest@44e3760b]" started-at="2026-07-12T18:08:21 IST" name="verifyUserCanDeleteAccount" finished-at="2026-07-12T18:08:44 IST" duration-ms="23601" status="PASS">
          <reporter-output>
          </reporter-output>
        </test-method> <!-- verifyUserCanDeleteAccount -->
        <test-method is-config="true" signature="teardown()[pri:0, instance:com.automation.tests.RegisterUserTest@44e3760b]" started-at="2026-07-12T18:08:44 IST" name="teardown" finished-at="2026-07-12T18:08:45 IST" duration-ms="333" status="PASS">
          <reporter-output>
          </reporter-output>
        </test-method> <!-- teardown -->
      </class> <!-- com.automation.tests.RegisterUserTest -->
    </test> <!-- Regression Test -->
  </suite> <!-- Automation Suite -->
</testng-results>
