<?xml version="1.0" encoding="UTF-8"?>
<testng-results ignored="0" total="3" passed="2" failed="1" skipped="0">
  <reporter-output>
  </reporter-output>
  <suite started-at="2026-07-08T21:45:14 IST" name="Automation Suite" finished-at="2026-07-08T21:46:33 IST" duration-ms="78116">
    <groups>
    </groups>
    <test started-at="2026-07-08T21:45:14 IST" name="Regression Test" finished-at="2026-07-08T21:46:33 IST" duration-ms="78116">
      <class name="com.automation.tests.ProductsPageTest">
        <test-method is-config="true" signature="setup(java.lang.String)[pri:0, instance:com.automation.tests.ProductsPageTest@1c5920df]" started-at="2026-07-08T21:45:14 IST" name="setup" finished-at="2026-07-08T21:45:29 IST" duration-ms="15058" status="PASS">
          <params>
            <param index="0">
              <value>
                <![CDATA[chrome]]>
              </value>
            </param>
          </params>
          <reporter-output>
          </reporter-output>
        </test-method> <!-- setup -->
        <test-method signature="TC001_Verify_Products_Page_Is_Displayed()[pri:0, instance:com.automation.tests.ProductsPageTest@1c5920df]" started-at="2026-07-08T21:45:30 IST" name="TC001_Verify_Products_Page_Is_Displayed" finished-at="2026-07-08T21:45:30 IST" duration-ms="743" status="FAIL">
          <exception class="java.lang.AssertionError">
            <message>
              <![CDATA[expected [ALL PRODUCTS] but found [FEATURES ITEMS]]]>
            </message>
            <full-stacktrace>
              <![CDATA[java.lang.AssertionError: expected [ALL PRODUCTS] but found [FEATURES ITEMS]
at org.testng.Assert.fail(Assert.java:111)
at org.testng.Assert.failNotEquals(Assert.java:1578)
at org.testng.Assert.assertEqualsImpl(Assert.java:150)
at org.testng.Assert.assertEquals(Assert.java:132)
at org.testng.Assert.assertEquals(Assert.java:656)
at org.testng.Assert.assertEquals(Assert.java:666)
at com.automation.tests.ProductsPageTest.TC001_Verify_Products_Page_Is_Displayed(ProductsPageTest.java:23)
at java.base/jdk.internal.reflect.DirectMethodHandleAccessor.invoke(DirectMethodHandleAccessor.java:103)
at java.base/java.lang.reflect.Method.invoke(Method.java:580)
at org.testng.internal.invokers.MethodInvocationHelper.invokeMethod(MethodInvocationHelper.java:139)
at org.testng.internal.invokers.TestInvoker.invokeMethod(TestInvoker.java:664)
at org.testng.internal.invokers.TestInvoker.invokeTestMethod(TestInvoker.java:227)
at org.testng.internal.invokers.MethodRunner.runInSequence(MethodRunner.java:50)
at org.testng.internal.invokers.TestInvoker$MethodInvocationAgent.invoke(TestInvoker.java:957)
at org.testng.internal.invokers.TestInvoker.invokeTestMethods(TestInvoker.java:200)
at org.testng.internal.invokers.TestMethodWorker.invokeTestMethods(TestMethodWorker.java:148)
at org.testng.internal.invokers.TestMethodWorker.run(TestMethodWorker.java:128)
at java.base/java.util.ArrayList.forEach(ArrayList.java:1597)
at org.testng.TestRunner.privateRun(TestRunner.java:848)
at org.testng.TestRunner.run(TestRunner.java:621)
at org.testng.SuiteRunner.runTest(SuiteRunner.java:443)
at org.testng.SuiteRunner.runSequentially(SuiteRunner.java:437)
at org.testng.SuiteRunner.privateRun(SuiteRunner.java:397)
at org.testng.SuiteRunner.run(SuiteRunner.java:336)
at org.testng.SuiteRunnerWorker.runSuite(SuiteRunnerWorker.java:52)
at org.testng.SuiteRunnerWorker.run(SuiteRunnerWorker.java:95)
at org.testng.TestNG.runSuitesSequentially(TestNG.java:1280)
at org.testng.TestNG.runSuitesLocally(TestNG.java:1200)
at org.testng.TestNG.runSuites(TestNG.java:1114)
at org.testng.TestNG.run(TestNG.java:1082)
at org.testng.remote.AbstractRemoteTestNG.run(AbstractRemoteTestNG.java:115)
at org.testng.remote.RemoteTestNG.initAndRun(RemoteTestNG.java:293)
at org.testng.remote.RemoteTestNG.main(RemoteTestNG.java:91)
]]>
            </full-stacktrace>
          </exception> <!-- java.lang.AssertionError -->
          <reporter-output>
          </reporter-output>
        </test-method> <!-- TC001_Verify_Products_Page_Is_Displayed -->
        <test-method signature="TC002_Verify_Total_Products_Displayed()[pri:0, instance:com.automation.tests.ProductsPageTest@1c5920df]" started-at="2026-07-08T21:45:31 IST" name="TC002_Verify_Total_Products_Displayed" finished-at="2026-07-08T21:45:53 IST" duration-ms="21630" status="PASS">
          <reporter-output>
          </reporter-output>
        </test-method> <!-- TC002_Verify_Total_Products_Displayed -->
        <test-method signature="TC003_Verify_Product_Information_Is_Displayed()[pri:0, instance:com.automation.tests.ProductsPageTest@1c5920df]" started-at="2026-07-08T21:45:53 IST" name="TC003_Verify_Product_Information_Is_Displayed" finished-at="2026-07-08T21:46:32 IST" duration-ms="39554" status="PASS">
          <reporter-output>
          </reporter-output>
        </test-method> <!-- TC003_Verify_Product_Information_Is_Displayed -->
        <test-method is-config="true" signature="teardown()[pri:0, instance:com.automation.tests.ProductsPageTest@1c5920df]" started-at="2026-07-08T21:46:32 IST" name="teardown" finished-at="2026-07-08T21:46:33 IST" duration-ms="219" status="PASS">
          <reporter-output>
          </reporter-output>
        </test-method> <!-- teardown -->
      </class> <!-- com.automation.tests.ProductsPageTest -->
    </test> <!-- Regression Test -->
  </suite> <!-- Automation Suite -->
</testng-results>
