<?xml version="1.0" encoding="UTF-8"?>
<!-- Generated by org.testng.reporters.JUnitReportReporter -->
<testsuite hostname="MacBook-Pro.local" failures="0" tests="2" name="com.automation.tests.TC01_RegisterUser" time="74.136" errors="0" timestamp="2026-07-09T21:24:02 IST" skipped="0">
  <testcase classname="com.automation.tests.TC01_RegisterUser" name="tc02_verifyUserCanCreateAccount" time="39.627"/>
  <testcase classname="com.automation.tests.TC01_RegisterUser" name="tc01_verifyUserCanSignup" time="34.509"/>
</testsuite> <!-- com.automation.tests.TC01_RegisterUser -->
