<?xml version="1.0" encoding="UTF-8"?>
<!-- Generated by org.testng.reporters.JUnitReportReporter -->
<testsuite hostname="MacBook-Pro.local" failures="0" tests="1" name="com.automation.tests.TC14_PlaceOrderRegisterWhileCheckout" time="60.273" errors="0" timestamp="2026-07-07T16:10:37 IST" skipped="0">
  <testcase classname="com.automation.tests.TC14_PlaceOrderRegisterWhileCheckout" name="verifyUserCanRegisteWhileCheckout" time="60.273"/>
</testsuite> <!-- com.automation.tests.TC14_PlaceOrderRegisterWhileCheckout -->
